2021-10-06 16:09:07.915 +06:00 [INF] Application Starting up
2021-10-06 16:09:56.784 +06:00 [ERR] Create Group Failed
OfficeOpenXml.LicenseException: Please set the ExcelPackage.LicenseContext property. See https://epplussoftware.com/developers/licenseexception
   at OfficeOpenXml.ExcelPackage.get_Workbook()
   at OfficeOpenXml.ExcelPackage.CreateBlankWb()
   at OfficeOpenXml.ExcelPackage.ConstructNewFile(String password)
   at OfficeOpenXml.ExcelPackage..ctor()
   at DataImporter.FileRead.DataRead.ExportExcel.ExportTable(Int32 Id) in D:\GitHub\Final Project\ASPNET_DevSkill\DataImporter\DataImporter.FileRead\DataRead\ExportExcel.cs:line 52
   at DataImporter.Web.Models.GroupModel.ExportGroupModel.ExportAndEmail(ExportGroupModel model) in D:\GitHub\Final Project\ASPNET_DevSkill\DataImporter\DataImporter.Web\Models\GroupModel\ExportGroupModel.cs:line 44
   at DataImporter.Web.Controllers.GroupController.ExportGroup(ExportGroupModel model) in D:\GitHub\Final Project\ASPNET_DevSkill\DataImporter\DataImporter.Web\Controllers\GroupController.cs:line 132
2021-10-06 16:28:18.066 +06:00 [INF] Application Starting up
2021-10-06 16:29:06.789 +06:00 [ERR] Create Group Failed
OfficeOpenXml.LicenseException: Please set the ExcelPackage.LicenseContext property. See https://epplussoftware.com/developers/licenseexception
   at OfficeOpenXml.ExcelPackage.get_Workbook()
   at OfficeOpenXml.ExcelPackage.CreateBlankWb()
   at OfficeOpenXml.ExcelPackage.ConstructNewFile(String password)
   at OfficeOpenXml.ExcelPackage..ctor(FileInfo newFile)
   at DataImporter.FileRead.DataRead.ExportExcel.ExportTable(Int32 Id) in D:\GitHub\Final Project\ASPNET_DevSkill\DataImporter\DataImporter.FileRead\DataRead\ExportExcel.cs:line 53
   at DataImporter.Web.Models.GroupModel.ExportGroupModel.ExportAndEmail(ExportGroupModel model) in D:\GitHub\Final Project\ASPNET_DevSkill\DataImporter\DataImporter.Web\Models\GroupModel\ExportGroupModel.cs:line 44
   at DataImporter.Web.Controllers.GroupController.ExportGroup(ExportGroupModel model) in D:\GitHub\Final Project\ASPNET_DevSkill\DataImporter\DataImporter.Web\Controllers\GroupController.cs:line 132
2021-10-06 16:30:25.992 +06:00 [ERR] Create Group Failed
OfficeOpenXml.LicenseException: Please set the ExcelPackage.LicenseContext property. See https://epplussoftware.com/developers/licenseexception
   at OfficeOpenXml.ExcelPackage.get_Workbook()
   at OfficeOpenXml.ExcelPackage.CreateBlankWb()
   at OfficeOpenXml.ExcelPackage.ConstructNewFile(String password)
   at OfficeOpenXml.ExcelPackage..ctor(FileInfo newFile)
   at DataImporter.FileRead.DataRead.ExportExcel.ExportTable(Int32 Id) in D:\GitHub\Final Project\ASPNET_DevSkill\DataImporter\DataImporter.FileRead\DataRead\ExportExcel.cs:line 53
   at DataImporter.Web.Models.GroupModel.ExportGroupModel.ExportAndEmail(ExportGroupModel model) in D:\GitHub\Final Project\ASPNET_DevSkill\DataImporter\DataImporter.Web\Models\GroupModel\ExportGroupModel.cs:line 44
   at DataImporter.Web.Controllers.GroupController.ExportGroup(ExportGroupModel model) in D:\GitHub\Final Project\ASPNET_DevSkill\DataImporter\DataImporter.Web\Controllers\GroupController.cs:line 132
2021-10-06 18:14:44.743 +06:00 [INF] Application Starting up
2021-10-06 18:15:10.933 +06:00 [ERR] Create Group Failed
OfficeOpenXml.LicenseException: Please set the ExcelPackage.LicenseContext property. See https://epplussoftware.com/developers/licenseexception
   at OfficeOpenXml.ExcelPackage.get_Workbook()
   at OfficeOpenXml.ExcelPackage.CreateBlankWb()
   at OfficeOpenXml.ExcelPackage.ConstructNewFile(String password)
   at OfficeOpenXml.ExcelPackage..ctor(Stream newStream)
   at DataImporter.FileRead.DataRead.ExportExcel.ExportTable(Int32 Id) in D:\GitHub\Final Project\ASPNET_DevSkill\DataImporter\DataImporter.FileRead\DataRead\ExportExcel.cs:line 54
   at DataImporter.Web.Models.GroupModel.ExportGroupModel.ExportAndEmail(ExportGroupModel model) in D:\GitHub\Final Project\ASPNET_DevSkill\DataImporter\DataImporter.Web\Models\GroupModel\ExportGroupModel.cs:line 44
   at DataImporter.Web.Controllers.GroupController.ExportGroup(ExportGroupModel model) in D:\GitHub\Final Project\ASPNET_DevSkill\DataImporter\DataImporter.Web\Controllers\GroupController.cs:line 132
2021-10-06 18:18:32.571 +06:00 [INF] Application Starting up
2021-10-06 18:19:04.058 +06:00 [ERR] Create Group Failed
System.ArgumentException: Column out of range
   at OfficeOpenXml.ExcelRange.ValidateRowCol(Int32 Row, Int32 Col)
   at OfficeOpenXml.ExcelRange.get_Item(Int32 FromRow, Int32 FromCol, Int32 ToRow, Int32 ToCol)
   at OfficeOpenXml.LoadFunctions.LoadFromDataTable.Load()
   at OfficeOpenXml.ExcelRangeBase.LoadFromDataTable(DataTable Table, Boolean PrintHeaders, TableStyles TableStyle)
   at OfficeOpenXml.ExcelRangeBase.LoadFromDataTable(DataTable Table, Boolean PrintHeaders)
   at DataImporter.FileRead.DataRead.ExportExcel.ExportTable(Int32 Id) in D:\GitHub\Final Project\ASPNET_DevSkill\DataImporter\DataImporter.FileRead\DataRead\ExportExcel.cs:line 58
   at DataImporter.Web.Models.GroupModel.ExportGroupModel.ExportAndEmail(ExportGroupModel model) in D:\GitHub\Final Project\ASPNET_DevSkill\DataImporter\DataImporter.Web\Models\GroupModel\ExportGroupModel.cs:line 44
   at DataImporter.Web.Controllers.GroupController.ExportGroup(ExportGroupModel model) in D:\GitHub\Final Project\ASPNET_DevSkill\DataImporter\DataImporter.Web\Controllers\GroupController.cs:line 132
2021-10-06 18:19:21.059 +06:00 [ERR] Create Group Failed
System.ArgumentException: Column out of range
   at OfficeOpenXml.ExcelRange.ValidateRowCol(Int32 Row, Int32 Col)
   at OfficeOpenXml.ExcelRange.get_Item(Int32 FromRow, Int32 FromCol, Int32 ToRow, Int32 ToCol)
   at OfficeOpenXml.LoadFunctions.LoadFromDataTable.Load()
   at OfficeOpenXml.ExcelRangeBase.LoadFromDataTable(DataTable Table, Boolean PrintHeaders, TableStyles TableStyle)
   at OfficeOpenXml.ExcelRangeBase.LoadFromDataTable(DataTable Table, Boolean PrintHeaders)
   at DataImporter.FileRead.DataRead.ExportExcel.ExportTable(Int32 Id) in D:\GitHub\Final Project\ASPNET_DevSkill\DataImporter\DataImporter.FileRead\DataRead\ExportExcel.cs:line 58
   at DataImporter.Web.Models.GroupModel.ExportGroupModel.ExportAndEmail(ExportGroupModel model) in D:\GitHub\Final Project\ASPNET_DevSkill\DataImporter\DataImporter.Web\Models\GroupModel\ExportGroupModel.cs:line 44
   at DataImporter.Web.Controllers.GroupController.ExportGroup(ExportGroupModel model) in D:\GitHub\Final Project\ASPNET_DevSkill\DataImporter\DataImporter.Web\Controllers\GroupController.cs:line 132
2021-10-06 18:20:41.717 +06:00 [ERR] Create Group Failed
System.ArgumentException: Column out of range
   at OfficeOpenXml.ExcelRange.ValidateRowCol(Int32 Row, Int32 Col)
   at OfficeOpenXml.ExcelRange.get_Item(Int32 FromRow, Int32 FromCol, Int32 ToRow, Int32 ToCol)
   at OfficeOpenXml.LoadFunctions.LoadFromDataTable.Load()
   at OfficeOpenXml.ExcelRangeBase.LoadFromDataTable(DataTable Table, Boolean PrintHeaders, TableStyles TableStyle)
   at OfficeOpenXml.ExcelRangeBase.LoadFromDataTable(DataTable Table, Boolean PrintHeaders)
   at DataImporter.FileRead.DataRead.ExportExcel.ExportTable(Int32 Id) in D:\GitHub\Final Project\ASPNET_DevSkill\DataImporter\DataImporter.FileRead\DataRead\ExportExcel.cs:line 58
   at DataImporter.Web.Models.GroupModel.ExportGroupModel.ExportAndEmail(ExportGroupModel model) in D:\GitHub\Final Project\ASPNET_DevSkill\DataImporter\DataImporter.Web\Models\GroupModel\ExportGroupModel.cs:line 44
   at DataImporter.Web.Controllers.GroupController.ExportGroup(ExportGroupModel model) in D:\GitHub\Final Project\ASPNET_DevSkill\DataImporter\DataImporter.Web\Controllers\GroupController.cs:line 132
2021-10-06 18:25:23.525 +06:00 [INF] Application Starting up
2021-10-06 22:35:43.381 +06:00 [INF] Application Starting up
