2021-10-11 01:46:33.379 +06:00 [INF] Application Starting up
2021-10-11 01:47:45.110 +06:00 [ERR] Same File, Failed
System.ArgumentException: Column out of range
   at OfficeOpenXml.ExcelRange.ValidateRowCol(Int32 Row, Int32 Col)
   at OfficeOpenXml.ExcelRange.get_Item(Int32 Row, Int32 Col)
   at DataImporter.FileRead.DataRead.CheckGroupColumn.IsSameColumn(FileStatus fileStatus) in D:\GitHub\Final Project\ASPNET_DevSkill\DataImporter\DataImporter.FileRead\DataRead\CheckGroupColumn.cs:line 60
   at DataImporter.Web.Models.GroupModel.ImportGroupModel.CreateFileStatus() in D:\GitHub\Final Project\ASPNET_DevSkill\DataImporter\DataImporter.Web\Models\GroupModel\ImportGroupModel.cs:line 80
   at DataImporter.Web.Controllers.GroupController.Preview(ImportGroupModel model) in D:\GitHub\Final Project\ASPNET_DevSkill\DataImporter\DataImporter.Web\Controllers\GroupController.cs:line 116
2021-10-11 01:52:24.141 +06:00 [INF] Application Starting up
2021-10-11 01:58:12.085 +06:00 [INF] Application Starting up
2021-10-11 02:43:12.655 +06:00 [INF] Application Starting up
2021-10-11 02:46:06.853 +06:00 [INF] Application Starting up
2021-10-11 02:51:31.962 +06:00 [ERR] Same File, Failed
DataImporter.SystemImporter.Exceptions.InvalidParameterException: Data Not Same
   at DataImporter.Web.Models.GroupModel.ImportGroupModel.CreateFileStatus() in D:\GitHub\Final Project\ASPNET_DevSkill\DataImporter\DataImporter.Web\Models\GroupModel\ImportGroupModel.cs:line 86
   at DataImporter.Web.Controllers.GroupController.Preview(ImportGroupModel model) in D:\GitHub\Final Project\ASPNET_DevSkill\DataImporter\DataImporter.Web\Controllers\GroupController.cs:line 116
2021-10-11 02:56:05.749 +06:00 [INF] Application Starting up
2021-10-11 02:57:33.771 +06:00 [INF] Application Starting up
2021-10-11 03:00:39.551 +06:00 [INF] Application Starting up
2021-10-11 03:02:41.589 +06:00 [ERR] An unhandled exception has occurred while executing the request.
System.InvalidOperationException: A second operation was started on this context before a previous operation completed. This is usually caused by different threads concurrently using the same instance of DbContext. For more information on how to avoid threading issues with DbContext, see https://go.microsoft.com/fwlink/?linkid=2097913.
   at Microsoft.EntityFrameworkCore.Internal.ConcurrencyDetector.EnterCriticalSection()
   at Microsoft.EntityFrameworkCore.ChangeTracking.Internal.StateManager.SaveChanges(IList`1 entriesToSave)
   at Microsoft.EntityFrameworkCore.ChangeTracking.Internal.StateManager.SaveChanges(DbContext _, Boolean acceptAllChangesOnSuccess)
   at Microsoft.EntityFrameworkCore.SqlServer.Storage.Internal.SqlServerExecutionStrategy.Execute[TState,TResult](TState state, Func`3 operation, Func`3 verifySucceeded)
   at Microsoft.EntityFrameworkCore.ChangeTracking.Internal.StateManager.SaveChanges(Boolean acceptAllChangesOnSuccess)
   at Microsoft.EntityFrameworkCore.DbContext.SaveChanges(Boolean acceptAllChangesOnSuccess)
   at Microsoft.EntityFrameworkCore.DbContext.SaveChanges()
   at DataImporter.Data.UnitOfWork.Save() in D:\GitHub\Final Project\ASPNET_DevSkill\DataImporter\DataImporter.Data\UnitOfWork.cs:line 17
   at DataImporter.SystemImporter.Services.GroupService.DeleteGroup(Int32 id) in D:\GitHub\Final Project\ASPNET_DevSkill\DataImporter\DataImporter.SystemImporter\Services\GroupService.cs:line 110
   at DataImporter.Web.Models.GroupModel.GroupListModel.Delete(Int32 id) in D:\GitHub\Final Project\ASPNET_DevSkill\DataImporter\DataImporter.Web\Models\GroupModel\GroupListModel.cs:line 55
   at DataImporter.Web.Controllers.GroupController.Delete(Int32 id) in D:\GitHub\Final Project\ASPNET_DevSkill\DataImporter\DataImporter.Web\Controllers\GroupController.cs:line 233
   at lambda_method857(Closure , Object , Object[] )
   at Microsoft.AspNetCore.Mvc.Infrastructure.ActionMethodExecutor.SyncActionResultExecutor.Execute(IActionResultTypeMapper mapper, ObjectMethodExecutor executor, Object controller, Object[] arguments)
   at Microsoft.AspNetCore.Mvc.Infrastructure.ControllerActionInvoker.InvokeActionMethodAsync()
   at Microsoft.AspNetCore.Mvc.Infrastructure.ControllerActionInvoker.Next(State& next, Scope& scope, Object& state, Boolean& isCompleted)
   at Microsoft.AspNetCore.Mvc.Infrastructure.ControllerActionInvoker.InvokeNextActionFilterAsync()
--- End of stack trace from previous location ---
   at Microsoft.AspNetCore.Mvc.Infrastructure.ControllerActionInvoker.Rethrow(ActionExecutedContextSealed context)
   at Microsoft.AspNetCore.Mvc.Infrastructure.ControllerActionInvoker.Next(State& next, Scope& scope, Object& state, Boolean& isCompleted)
   at Microsoft.AspNetCore.Mvc.Infrastructure.ControllerActionInvoker.InvokeInnerFilterAsync()
--- End of stack trace from previous location ---
   at Microsoft.AspNetCore.Mvc.Infrastructure.ResourceInvoker.<InvokeNextResourceFilter>g__Awaited|24_0(ResourceInvoker invoker, Task lastTask, State next, Scope scope, Object state, Boolean isCompleted)
   at Microsoft.AspNetCore.Mvc.Infrastructure.ResourceInvoker.Rethrow(ResourceExecutedContextSealed context)
   at Microsoft.AspNetCore.Mvc.Infrastructure.ResourceInvoker.Next(State& next, Scope& scope, Object& state, Boolean& isCompleted)
   at Microsoft.AspNetCore.Mvc.Infrastructure.ResourceInvoker.InvokeFilterPipelineAsync()
--- End of stack trace from previous location ---
   at Microsoft.AspNetCore.Mvc.Infrastructure.ResourceInvoker.<InvokeAsync>g__Awaited|17_0(ResourceInvoker invoker, Task task, IDisposable scope)
   at Microsoft.AspNetCore.Routing.EndpointMiddleware.<Invoke>g__AwaitRequestTask|6_0(Endpoint endpoint, Task requestTask, ILogger logger)
   at Microsoft.AspNetCore.Session.SessionMiddleware.Invoke(HttpContext context)
   at Microsoft.AspNetCore.Session.SessionMiddleware.Invoke(HttpContext context)
   at Microsoft.AspNetCore.Authorization.AuthorizationMiddleware.Invoke(HttpContext context)
   at Microsoft.AspNetCore.Authentication.AuthenticationMiddleware.Invoke(HttpContext context)
   at Microsoft.AspNetCore.Diagnostics.EntityFrameworkCore.MigrationsEndPointMiddleware.Invoke(HttpContext context)
   at Microsoft.AspNetCore.Diagnostics.DeveloperExceptionPageMiddleware.Invoke(HttpContext context)
2021-10-11 03:02:42.705 +06:00 [ERR] An exception occurred while calculating the database error page content. Skipping display of the database error page.
System.InvalidOperationException: StatusCode cannot be set because the response has already started.
   at Microsoft.AspNetCore.Server.IIS.Core.IISHttpContext.ThrowResponseAlreadyStartedException(String name)
   at Microsoft.AspNetCore.Server.IIS.Core.IISHttpContext.set_StatusCode(Int32 value)
   at Microsoft.AspNetCore.Server.IIS.Core.IISHttpContext.Microsoft.AspNetCore.Http.Features.IHttpResponseFeature.set_StatusCode(Int32 value)
   at Microsoft.AspNetCore.Http.DefaultHttpResponse.set_StatusCode(Int32 value)
   at Microsoft.AspNetCore.Diagnostics.EntityFrameworkCore.Views.DatabaseErrorPage.ExecuteAsync()
   at Microsoft.Extensions.RazorViews.BaseView.ExecuteAsync(HttpContext context)
   at Microsoft.AspNetCore.Diagnostics.EntityFrameworkCore.DatabaseDeveloperPageExceptionFilter.HandleExceptionAsync(ErrorContext errorContext, Func`2 next)
2021-10-11 03:02:50.515 +06:00 [ERR] An unhandled exception has occurred while executing the request.
System.ArgumentNullException: Value cannot be null. (Parameter 'entity')
   at Microsoft.EntityFrameworkCore.Utilities.Check.NotNull[T](T value, String parameterName)
   at Microsoft.EntityFrameworkCore.DbContext.Entry[TEntity](TEntity entity)
   at DataImporter.Data.Repository`2.Remove(TEntity entityToDelete) in D:\GitHub\Final Project\ASPNET_DevSkill\DataImporter\DataImporter.Data\Repository.cs:line 39
   at DataImporter.Data.Repository`2.Remove(TKey id) in D:\GitHub\Final Project\ASPNET_DevSkill\DataImporter\DataImporter.Data\Repository.cs:line 34
   at DataImporter.SystemImporter.Services.GroupService.DeleteGroup(Int32 id) in D:\GitHub\Final Project\ASPNET_DevSkill\DataImporter\DataImporter.SystemImporter\Services\GroupService.cs:line 109
   at DataImporter.Web.Models.GroupModel.GroupListModel.Delete(Int32 id) in D:\GitHub\Final Project\ASPNET_DevSkill\DataImporter\DataImporter.Web\Models\GroupModel\GroupListModel.cs:line 55
   at DataImporter.Web.Controllers.GroupController.Delete(Int32 id) in D:\GitHub\Final Project\ASPNET_DevSkill\DataImporter\DataImporter.Web\Controllers\GroupController.cs:line 233
   at lambda_method857(Closure , Object , Object[] )
   at Microsoft.AspNetCore.Mvc.Infrastructure.ActionMethodExecutor.SyncActionResultExecutor.Execute(IActionResultTypeMapper mapper, ObjectMethodExecutor executor, Object controller, Object[] arguments)
   at Microsoft.AspNetCore.Mvc.Infrastructure.ControllerActionInvoker.InvokeActionMethodAsync()
   at Microsoft.AspNetCore.Mvc.Infrastructure.ControllerActionInvoker.Next(State& next, Scope& scope, Object& state, Boolean& isCompleted)
   at Microsoft.AspNetCore.Mvc.Infrastructure.ControllerActionInvoker.InvokeNextActionFilterAsync()
--- End of stack trace from previous location ---
   at Microsoft.AspNetCore.Mvc.Infrastructure.ControllerActionInvoker.Rethrow(ActionExecutedContextSealed context)
   at Microsoft.AspNetCore.Mvc.Infrastructure.ControllerActionInvoker.Next(State& next, Scope& scope, Object& state, Boolean& isCompleted)
   at Microsoft.AspNetCore.Mvc.Infrastructure.ControllerActionInvoker.InvokeInnerFilterAsync()
--- End of stack trace from previous location ---
   at Microsoft.AspNetCore.Mvc.Infrastructure.ResourceInvoker.<InvokeNextResourceFilter>g__Awaited|24_0(ResourceInvoker invoker, Task lastTask, State next, Scope scope, Object state, Boolean isCompleted)
   at Microsoft.AspNetCore.Mvc.Infrastructure.ResourceInvoker.Rethrow(ResourceExecutedContextSealed context)
   at Microsoft.AspNetCore.Mvc.Infrastructure.ResourceInvoker.Next(State& next, Scope& scope, Object& state, Boolean& isCompleted)
   at Microsoft.AspNetCore.Mvc.Infrastructure.ResourceInvoker.InvokeFilterPipelineAsync()
--- End of stack trace from previous location ---
   at Microsoft.AspNetCore.Mvc.Infrastructure.ResourceInvoker.<InvokeAsync>g__Awaited|17_0(ResourceInvoker invoker, Task task, IDisposable scope)
   at Microsoft.AspNetCore.Routing.EndpointMiddleware.<Invoke>g__AwaitRequestTask|6_0(Endpoint endpoint, Task requestTask, ILogger logger)
   at Microsoft.AspNetCore.Session.SessionMiddleware.Invoke(HttpContext context)
   at Microsoft.AspNetCore.Session.SessionMiddleware.Invoke(HttpContext context)
   at Microsoft.AspNetCore.Authorization.AuthorizationMiddleware.Invoke(HttpContext context)
   at Microsoft.AspNetCore.Authentication.AuthenticationMiddleware.Invoke(HttpContext context)
   at Microsoft.AspNetCore.Diagnostics.EntityFrameworkCore.MigrationsEndPointMiddleware.Invoke(HttpContext context)
   at Microsoft.AspNetCore.Diagnostics.DeveloperExceptionPageMiddleware.Invoke(HttpContext context)
2021-10-11 03:02:50.636 +06:00 [ERR] An exception occurred while calculating the database error page content. Skipping display of the database error page.
System.InvalidOperationException: StatusCode cannot be set because the response has already started.
   at Microsoft.AspNetCore.Server.IIS.Core.IISHttpContext.ThrowResponseAlreadyStartedException(String name)
   at Microsoft.AspNetCore.Server.IIS.Core.IISHttpContext.set_StatusCode(Int32 value)
   at Microsoft.AspNetCore.Server.IIS.Core.IISHttpContext.Microsoft.AspNetCore.Http.Features.IHttpResponseFeature.set_StatusCode(Int32 value)
   at Microsoft.AspNetCore.Http.DefaultHttpResponse.set_StatusCode(Int32 value)
   at Microsoft.AspNetCore.Diagnostics.EntityFrameworkCore.Views.DatabaseErrorPage.ExecuteAsync()
   at Microsoft.Extensions.RazorViews.BaseView.ExecuteAsync(HttpContext context)
   at Microsoft.AspNetCore.Diagnostics.EntityFrameworkCore.DatabaseDeveloperPageExceptionFilter.HandleExceptionAsync(ErrorContext errorContext, Func`2 next)
2021-10-11 03:03:01.993 +06:00 [INF] Application Starting up
2021-10-11 03:41:31.682 +06:00 [INF] Application Starting up
2021-10-11 03:53:11.760 +06:00 [INF] Application Starting up
2021-10-11 03:56:14.638 +06:00 [INF] Application Starting up
2021-10-11 03:56:34.327 +06:00 [ERR] Same File, Failed
DataImporter.SystemImporter.Exceptions.InvalidParameterException: Data Not Same
   at DataImporter.Web.Models.GroupModel.ImportGroupModel.CreateFileStatus() in D:\GitHub\Final Project\ASPNET_DevSkill\DataImporter\DataImporter.Web\Models\GroupModel\ImportGroupModel.cs:line 86
   at DataImporter.Web.Controllers.GroupController.Preview(ImportGroupModel model) in D:\GitHub\Final Project\ASPNET_DevSkill\DataImporter\DataImporter.Web\Controllers\GroupController.cs:line 116
2021-10-11 03:56:57.552 +06:00 [ERR] Same File, Failed
DataImporter.SystemImporter.Exceptions.InvalidParameterException: Data Not Same
   at DataImporter.Web.Models.GroupModel.ImportGroupModel.CreateFileStatus() in D:\GitHub\Final Project\ASPNET_DevSkill\DataImporter\DataImporter.Web\Models\GroupModel\ImportGroupModel.cs:line 86
   at DataImporter.Web.Controllers.GroupController.Preview(ImportGroupModel model) in D:\GitHub\Final Project\ASPNET_DevSkill\DataImporter\DataImporter.Web\Controllers\GroupController.cs:line 116
2021-10-11 03:58:03.648 +06:00 [ERR] An unhandled exception has occurred while executing the request.
No property or field 'ExportData' exists in type 'ExportHistory' (at index 0)
2021-10-11 03:58:06.066 +06:00 [ERR] An exception occurred while calculating the database error page content. Skipping display of the database error page.
System.InvalidOperationException: StatusCode cannot be set because the response has already started.
   at Microsoft.AspNetCore.Server.IIS.Core.IISHttpContext.ThrowResponseAlreadyStartedException(String name)
   at Microsoft.AspNetCore.Server.IIS.Core.IISHttpContext.set_StatusCode(Int32 value)
   at Microsoft.AspNetCore.Server.IIS.Core.IISHttpContext.Microsoft.AspNetCore.Http.Features.IHttpResponseFeature.set_StatusCode(Int32 value)
   at Microsoft.AspNetCore.Http.DefaultHttpResponse.set_StatusCode(Int32 value)
   at Microsoft.AspNetCore.Diagnostics.EntityFrameworkCore.Views.DatabaseErrorPage.ExecuteAsync()
   at Microsoft.Extensions.RazorViews.BaseView.ExecuteAsync(HttpContext context)
   at Microsoft.AspNetCore.Diagnostics.EntityFrameworkCore.DatabaseDeveloperPageExceptionFilter.HandleExceptionAsync(ErrorContext errorContext, Func`2 next)
2021-10-11 03:58:47.329 +06:00 [ERR] An unhandled exception has occurred while executing the request.
No property or field 'ExportData' exists in type 'ExportHistory' (at index 0)
2021-10-11 03:58:47.405 +06:00 [ERR] An exception occurred while calculating the database error page content. Skipping display of the database error page.
System.InvalidOperationException: StatusCode cannot be set because the response has already started.
   at Microsoft.AspNetCore.Server.IIS.Core.IISHttpContext.ThrowResponseAlreadyStartedException(String name)
   at Microsoft.AspNetCore.Server.IIS.Core.IISHttpContext.set_StatusCode(Int32 value)
   at Microsoft.AspNetCore.Server.IIS.Core.IISHttpContext.Microsoft.AspNetCore.Http.Features.IHttpResponseFeature.set_StatusCode(Int32 value)
   at Microsoft.AspNetCore.Http.DefaultHttpResponse.set_StatusCode(Int32 value)
   at Microsoft.AspNetCore.Diagnostics.EntityFrameworkCore.Views.DatabaseErrorPage.ExecuteAsync()
   at Microsoft.Extensions.RazorViews.BaseView.ExecuteAsync(HttpContext context)
   at Microsoft.AspNetCore.Diagnostics.EntityFrameworkCore.DatabaseDeveloperPageExceptionFilter.HandleExceptionAsync(ErrorContext errorContext, Func`2 next)
2021-10-11 15:18:31.791 +06:00 [INF] Application Starting up
2021-10-11 15:19:19.711 +06:00 [ERR] Same File, Failed
DataImporter.SystemImporter.Exceptions.InvalidParameterException: Data Not Same
   at DataImporter.Web.Models.GroupModel.ImportGroupModel.CreateFileStatus() in D:\GitHub\Final Project\ASPNET_DevSkill\DataImporter\DataImporter.Web\Models\GroupModel\ImportGroupModel.cs:line 86
   at DataImporter.Web.Controllers.GroupController.Preview(ImportGroupModel model) in D:\GitHub\Final Project\ASPNET_DevSkill\DataImporter\DataImporter.Web\Controllers\GroupController.cs:line 117
2021-10-11 16:26:39.998 +06:00 [INF] Application Starting up
2021-10-11 16:27:17.774 +06:00 [ERR] Create Group Failed
DataImporter.SystemImporter.Exceptions.DuplicateTitleException: Group title already exists
   at DataImporter.SystemImporter.Services.GroupService.CreateGroup(Group group) in D:\GitHub\Final Project\ASPNET_DevSkill\DataImporter\DataImporter.SystemImporter\Services\GroupService.cs:line 49
   at DataImporter.Web.Models.GroupModel.CreateGroupModel.CreateGroup() in D:\GitHub\Final Project\ASPNET_DevSkill\DataImporter\DataImporter.Web\Models\GroupModel\CreateGroupModel.cs:line 43
   at DataImporter.Web.Controllers.GroupController.Create(CreateGroupModel model) in D:\GitHub\Final Project\ASPNET_DevSkill\DataImporter\DataImporter.Web\Controllers\GroupController.cs:line 85
2021-10-11 19:44:05.496 +06:00 [INF] Application Starting up
2021-10-11 19:46:47.983 +06:00 [INF] Application Starting up
2021-10-11 19:53:41.332 +06:00 [INF] Application Starting up
2021-10-11 19:56:21.815 +06:00 [INF] Application Starting up
2021-10-11 19:56:40.156 +06:00 [ERR] Same File, Failed
DataImporter.SystemImporter.Exceptions.InvalidParameterException: Data Not Same
   at DataImporter.Web.Models.GroupModel.ImportGroupModel.CreateFileStatus() in D:\GitHub\Final Project\ASPNET_DevSkill\DataImporter\DataImporter.Web\Models\GroupModel\ImportGroupModel.cs:line 87
   at DataImporter.Web.Controllers.GroupController.Preview(ImportGroupModel model) in D:\GitHub\Final Project\ASPNET_DevSkill\DataImporter\DataImporter.Web\Controllers\GroupController.cs:line 117
2021-10-11 19:58:07.417 +06:00 [INF] Application Starting up
2021-10-11 19:58:52.909 +06:00 [ERR] Same File, Failed
DataImporter.SystemImporter.Exceptions.DuplicateTitleException: This File already exists
   at DataImporter.SystemImporter.Services.FileStatusService.CreateFileStatus(FileStatus fileStatus) in D:\GitHub\Final Project\ASPNET_DevSkill\DataImporter\DataImporter.SystemImporter\Services\FileStatusService.cs:line 49
   at DataImporter.Web.Models.GroupModel.ImportGroupModel.CreateFileStatus() in D:\GitHub\Final Project\ASPNET_DevSkill\DataImporter\DataImporter.Web\Models\GroupModel\ImportGroupModel.cs:line 83
   at DataImporter.Web.Controllers.GroupController.Preview(ImportGroupModel model) in D:\GitHub\Final Project\ASPNET_DevSkill\DataImporter\DataImporter.Web\Controllers\GroupController.cs:line 117
2021-10-11 20:04:12.172 +06:00 [INF] Application Starting up
2021-10-11 20:05:08.980 +06:00 [INF] Application Starting up
2021-10-11 20:06:53.656 +06:00 [INF] Application Starting up
2021-10-11 20:09:42.175 +06:00 [ERR] An unhandled exception has occurred while executing the request.
System.InvalidOperationException: Collection was modified; enumeration operation may not execute.
   at System.Collections.Generic.Dictionary`2.ValueCollection.Enumerator.MoveNext()
   at Microsoft.EntityFrameworkCore.ChangeTracking.Internal.EntityReferenceMap.GetEntriesForState(Boolean added, Boolean modified, Boolean deleted, Boolean unchanged, Boolean hasDependentTypes, Boolean returnAdded, Boolean returnModified, Boolean returnDeleted, Boolean returnUnchanged)+MoveNext()
   at Microsoft.EntityFrameworkCore.ChangeTracking.Internal.StateManagerExtensions.ToListForState(IStateManager stateManager, Boolean added, Boolean modified, Boolean deleted, Boolean unchanged)
   at Microsoft.EntityFrameworkCore.ChangeTracking.Internal.ChangeDetector.DetectChanges(IStateManager stateManager)
   at Microsoft.EntityFrameworkCore.ChangeTracking.ChangeTracker.DetectChanges()
   at Microsoft.EntityFrameworkCore.DbContext.TryDetectChanges()
   at Microsoft.EntityFrameworkCore.DbContext.SaveChanges(Boolean acceptAllChangesOnSuccess)
   at Microsoft.EntityFrameworkCore.DbContext.SaveChanges()
   at DataImporter.Data.UnitOfWork.Save() in D:\GitHub\Final Project\ASPNET_DevSkill\DataImporter\DataImporter.Data\UnitOfWork.cs:line 17
   at DataImporter.SystemImporter.Services.GroupService.DeleteGroup(Int32 id) in D:\GitHub\Final Project\ASPNET_DevSkill\DataImporter\DataImporter.SystemImporter\Services\GroupService.cs:line 110
   at DataImporter.Web.Models.GroupModel.GroupListModel.Delete(Int32 id) in D:\GitHub\Final Project\ASPNET_DevSkill\DataImporter\DataImporter.Web\Models\GroupModel\GroupListModel.cs:line 55
   at DataImporter.Web.Controllers.GroupController.Delete(Int32 id) in D:\GitHub\Final Project\ASPNET_DevSkill\DataImporter\DataImporter.Web\Controllers\GroupController.cs:line 232
   at lambda_method921(Closure , Object , Object[] )
   at Microsoft.AspNetCore.Mvc.Infrastructure.ActionMethodExecutor.SyncActionResultExecutor.Execute(IActionResultTypeMapper mapper, ObjectMethodExecutor executor, Object controller, Object[] arguments)
   at Microsoft.AspNetCore.Mvc.Infrastructure.ControllerActionInvoker.InvokeActionMethodAsync()
   at Microsoft.AspNetCore.Mvc.Infrastructure.ControllerActionInvoker.Next(State& next, Scope& scope, Object& state, Boolean& isCompleted)
   at Microsoft.AspNetCore.Mvc.Infrastructure.ControllerActionInvoker.InvokeNextActionFilterAsync()
--- End of stack trace from previous location ---
   at Microsoft.AspNetCore.Mvc.Infrastructure.ControllerActionInvoker.Rethrow(ActionExecutedContextSealed context)
   at Microsoft.AspNetCore.Mvc.Infrastructure.ControllerActionInvoker.Next(State& next, Scope& scope, Object& state, Boolean& isCompleted)
   at Microsoft.AspNetCore.Mvc.Infrastructure.ControllerActionInvoker.InvokeInnerFilterAsync()
--- End of stack trace from previous location ---
   at Microsoft.AspNetCore.Mvc.Infrastructure.ResourceInvoker.<InvokeNextResourceFilter>g__Awaited|24_0(ResourceInvoker invoker, Task lastTask, State next, Scope scope, Object state, Boolean isCompleted)
   at Microsoft.AspNetCore.Mvc.Infrastructure.ResourceInvoker.Rethrow(ResourceExecutedContextSealed context)
   at Microsoft.AspNetCore.Mvc.Infrastructure.ResourceInvoker.Next(State& next, Scope& scope, Object& state, Boolean& isCompleted)
   at Microsoft.AspNetCore.Mvc.Infrastructure.ResourceInvoker.InvokeFilterPipelineAsync()
--- End of stack trace from previous location ---
   at Microsoft.AspNetCore.Mvc.Infrastructure.ResourceInvoker.<InvokeAsync>g__Awaited|17_0(ResourceInvoker invoker, Task task, IDisposable scope)
   at Microsoft.AspNetCore.Routing.EndpointMiddleware.<Invoke>g__AwaitRequestTask|6_0(Endpoint endpoint, Task requestTask, ILogger logger)
   at Microsoft.AspNetCore.Session.SessionMiddleware.Invoke(HttpContext context)
   at Microsoft.AspNetCore.Session.SessionMiddleware.Invoke(HttpContext context)
   at Microsoft.AspNetCore.Authorization.AuthorizationMiddleware.Invoke(HttpContext context)
   at Microsoft.AspNetCore.Authentication.AuthenticationMiddleware.Invoke(HttpContext context)
   at Microsoft.AspNetCore.Diagnostics.EntityFrameworkCore.MigrationsEndPointMiddleware.Invoke(HttpContext context)
   at Microsoft.AspNetCore.Diagnostics.DeveloperExceptionPageMiddleware.Invoke(HttpContext context)
2021-10-11 20:09:43.076 +06:00 [ERR] An exception occurred while calculating the database error page content. Skipping display of the database error page.
System.InvalidOperationException: StatusCode cannot be set because the response has already started.
   at Microsoft.AspNetCore.Server.IIS.Core.IISHttpContext.ThrowResponseAlreadyStartedException(String name)
   at Microsoft.AspNetCore.Server.IIS.Core.IISHttpContext.set_StatusCode(Int32 value)
   at Microsoft.AspNetCore.Server.IIS.Core.IISHttpContext.Microsoft.AspNetCore.Http.Features.IHttpResponseFeature.set_StatusCode(Int32 value)
   at Microsoft.AspNetCore.Http.DefaultHttpResponse.set_StatusCode(Int32 value)
   at Microsoft.AspNetCore.Diagnostics.EntityFrameworkCore.Views.DatabaseErrorPage.ExecuteAsync()
   at Microsoft.Extensions.RazorViews.BaseView.ExecuteAsync(HttpContext context)
   at Microsoft.AspNetCore.Diagnostics.EntityFrameworkCore.DatabaseDeveloperPageExceptionFilter.HandleExceptionAsync(ErrorContext errorContext, Func`2 next)
2021-10-11 20:13:18.655 +06:00 [ERR] An unhandled exception has occurred while executing the request.
System.ArgumentNullException: Value cannot be null. (Parameter 'entity')
   at Microsoft.EntityFrameworkCore.Utilities.Check.NotNull[T](T value, String parameterName)
   at Microsoft.EntityFrameworkCore.DbContext.Entry[TEntity](TEntity entity)
   at DataImporter.Data.Repository`2.Remove(TEntity entityToDelete) in D:\GitHub\Final Project\ASPNET_DevSkill\DataImporter\DataImporter.Data\Repository.cs:line 39
   at DataImporter.Data.Repository`2.Remove(TKey id) in D:\GitHub\Final Project\ASPNET_DevSkill\DataImporter\DataImporter.Data\Repository.cs:line 34
   at DataImporter.SystemImporter.Services.GroupService.DeleteGroup(Int32 id) in D:\GitHub\Final Project\ASPNET_DevSkill\DataImporter\DataImporter.SystemImporter\Services\GroupService.cs:line 109
   at DataImporter.Web.Models.GroupModel.GroupListModel.Delete(Int32 id) in D:\GitHub\Final Project\ASPNET_DevSkill\DataImporter\DataImporter.Web\Models\GroupModel\GroupListModel.cs:line 55
   at DataImporter.Web.Controllers.GroupController.Delete(Int32 id) in D:\GitHub\Final Project\ASPNET_DevSkill\DataImporter\DataImporter.Web\Controllers\GroupController.cs:line 232
   at lambda_method921(Closure , Object , Object[] )
   at Microsoft.AspNetCore.Mvc.Infrastructure.ActionMethodExecutor.SyncActionResultExecutor.Execute(IActionResultTypeMapper mapper, ObjectMethodExecutor executor, Object controller, Object[] arguments)
   at Microsoft.AspNetCore.Mvc.Infrastructure.ControllerActionInvoker.InvokeActionMethodAsync()
   at Microsoft.AspNetCore.Mvc.Infrastructure.ControllerActionInvoker.Next(State& next, Scope& scope, Object& state, Boolean& isCompleted)
   at Microsoft.AspNetCore.Mvc.Infrastructure.ControllerActionInvoker.InvokeNextActionFilterAsync()
--- End of stack trace from previous location ---
   at Microsoft.AspNetCore.Mvc.Infrastructure.ControllerActionInvoker.Rethrow(ActionExecutedContextSealed context)
   at Microsoft.AspNetCore.Mvc.Infrastructure.ControllerActionInvoker.Next(State& next, Scope& scope, Object& state, Boolean& isCompleted)
   at Microsoft.AspNetCore.Mvc.Infrastructure.ControllerActionInvoker.InvokeInnerFilterAsync()
--- End of stack trace from previous location ---
   at Microsoft.AspNetCore.Mvc.Infrastructure.ResourceInvoker.<InvokeNextResourceFilter>g__Awaited|24_0(ResourceInvoker invoker, Task lastTask, State next, Scope scope, Object state, Boolean isCompleted)
   at Microsoft.AspNetCore.Mvc.Infrastructure.ResourceInvoker.Rethrow(ResourceExecutedContextSealed context)
   at Microsoft.AspNetCore.Mvc.Infrastructure.ResourceInvoker.Next(State& next, Scope& scope, Object& state, Boolean& isCompleted)
   at Microsoft.AspNetCore.Mvc.Infrastructure.ResourceInvoker.InvokeFilterPipelineAsync()
--- End of stack trace from previous location ---
   at Microsoft.AspNetCore.Mvc.Infrastructure.ResourceInvoker.<InvokeAsync>g__Awaited|17_0(ResourceInvoker invoker, Task task, IDisposable scope)
   at Microsoft.AspNetCore.Routing.EndpointMiddleware.<Invoke>g__AwaitRequestTask|6_0(Endpoint endpoint, Task requestTask, ILogger logger)
   at Microsoft.AspNetCore.Session.SessionMiddleware.Invoke(HttpContext context)
   at Microsoft.AspNetCore.Session.SessionMiddleware.Invoke(HttpContext context)
   at Microsoft.AspNetCore.Authorization.AuthorizationMiddleware.Invoke(HttpContext context)
   at Microsoft.AspNetCore.Authentication.AuthenticationMiddleware.Invoke(HttpContext context)
   at Microsoft.AspNetCore.Diagnostics.EntityFrameworkCore.MigrationsEndPointMiddleware.Invoke(HttpContext context)
   at Microsoft.AspNetCore.Diagnostics.DeveloperExceptionPageMiddleware.Invoke(HttpContext context)
2021-10-11 20:13:18.806 +06:00 [ERR] An exception occurred while calculating the database error page content. Skipping display of the database error page.
System.InvalidOperationException: StatusCode cannot be set because the response has already started.
   at Microsoft.AspNetCore.Server.IIS.Core.IISHttpContext.ThrowResponseAlreadyStartedException(String name)
   at Microsoft.AspNetCore.Server.IIS.Core.IISHttpContext.set_StatusCode(Int32 value)
   at Microsoft.AspNetCore.Server.IIS.Core.IISHttpContext.Microsoft.AspNetCore.Http.Features.IHttpResponseFeature.set_StatusCode(Int32 value)
   at Microsoft.AspNetCore.Http.DefaultHttpResponse.set_StatusCode(Int32 value)
   at Microsoft.AspNetCore.Diagnostics.EntityFrameworkCore.Views.DatabaseErrorPage.ExecuteAsync()
   at Microsoft.Extensions.RazorViews.BaseView.ExecuteAsync(HttpContext context)
   at Microsoft.AspNetCore.Diagnostics.EntityFrameworkCore.DatabaseDeveloperPageExceptionFilter.HandleExceptionAsync(ErrorContext errorContext, Func`2 next)
2021-10-11 20:20:05.660 +06:00 [INF] Application Starting up
2021-10-11 20:27:00.875 +06:00 [INF] Application Starting up
2021-10-11 20:38:48.212 +06:00 [INF] Application Starting up
2021-10-11 20:42:01.100 +06:00 [INF] Application Starting up
2021-10-11 20:44:48.515 +06:00 [INF] Application Starting up
2021-10-11 20:45:05.415 +06:00 [ERR] Same File, Failed
DataImporter.SystemImporter.Exceptions.DuplicateTitleException: This File already exists
   at DataImporter.SystemImporter.Services.FileStatusService.CreateFileStatus(FileStatus fileStatus) in D:\GitHub\Final Project\ASPNET_DevSkill\DataImporter\DataImporter.SystemImporter\Services\FileStatusService.cs:line 49
   at DataImporter.Web.Models.GroupModel.ImportGroupModel.CreateFileStatus() in D:\GitHub\Final Project\ASPNET_DevSkill\DataImporter\DataImporter.Web\Models\GroupModel\ImportGroupModel.cs:line 81
   at DataImporter.Web.Controllers.GroupController.Preview(ImportGroupModel model) in D:\GitHub\Final Project\ASPNET_DevSkill\DataImporter\DataImporter.Web\Controllers\GroupController.cs:line 117
2021-10-11 20:45:18.227 +06:00 [ERR] Same File, Failed
DataImporter.SystemImporter.Exceptions.DuplicateTitleException: This File already exists
   at DataImporter.SystemImporter.Services.FileStatusService.CreateFileStatus(FileStatus fileStatus) in D:\GitHub\Final Project\ASPNET_DevSkill\DataImporter\DataImporter.SystemImporter\Services\FileStatusService.cs:line 49
   at DataImporter.Web.Models.GroupModel.ImportGroupModel.CreateFileStatus() in D:\GitHub\Final Project\ASPNET_DevSkill\DataImporter\DataImporter.Web\Models\GroupModel\ImportGroupModel.cs:line 81
   at DataImporter.Web.Controllers.GroupController.Preview(ImportGroupModel model) in D:\GitHub\Final Project\ASPNET_DevSkill\DataImporter\DataImporter.Web\Controllers\GroupController.cs:line 117
2021-10-11 20:45:30.348 +06:00 [ERR] Same File, Failed
DataImporter.SystemImporter.Exceptions.DuplicateTitleException: This File already exists
   at DataImporter.SystemImporter.Services.FileStatusService.CreateFileStatus(FileStatus fileStatus) in D:\GitHub\Final Project\ASPNET_DevSkill\DataImporter\DataImporter.SystemImporter\Services\FileStatusService.cs:line 49
   at DataImporter.Web.Models.GroupModel.ImportGroupModel.CreateFileStatus() in D:\GitHub\Final Project\ASPNET_DevSkill\DataImporter\DataImporter.Web\Models\GroupModel\ImportGroupModel.cs:line 81
   at DataImporter.Web.Controllers.GroupController.Preview(ImportGroupModel model) in D:\GitHub\Final Project\ASPNET_DevSkill\DataImporter\DataImporter.Web\Controllers\GroupController.cs:line 117
