2021-09-23 02:15:54.063 +06:00 [INF] Application Starting up
2021-09-23 02:28:49.565 +06:00 [INF] Application Starting up
2021-09-23 02:33:34.785 +06:00 [INF] Application Starting up
2021-09-23 10:51:37.896 +06:00 [INF] Application Starting up
2021-09-23 10:55:28.651 +06:00 [INF] Application Starting up
2021-09-23 10:56:39.153 +06:00 [ERR] An unhandled exception has occurred while executing the request.
Autofac.Core.Registration.ComponentNotRegisteredException: The requested service 'DataImporter.Web.Models.GroupModel.GroupListModel' has not been registered. To avoid this exception, either register a component to provide the service, check for service registration using IsRegistered(), or use the ResolveOptional() method to resolve an optional dependency.
   at Autofac.ResolutionExtensions.ResolveService(IComponentContext context, Service service, IEnumerable`1 parameters)
   at Autofac.ResolutionExtensions.Resolve(IComponentContext context, Type serviceType, IEnumerable`1 parameters)
   at Autofac.ResolutionExtensions.Resolve[TService](IComponentContext context, IEnumerable`1 parameters)
   at Autofac.ResolutionExtensions.Resolve[TService](IComponentContext context)
   at DataImporter.Web.Controllers.GroupController.Index() in D:\GitHub\Final Project\ASPNET_DevSkill\DataImporter\DataImporter.Web\Controllers\GroupController.cs:line 25
   at lambda_method576(Closure , Object , Object[] )
   at Microsoft.AspNetCore.Mvc.Infrastructure.ActionMethodExecutor.SyncActionResultExecutor.Execute(IActionResultTypeMapper mapper, ObjectMethodExecutor executor, Object controller, Object[] arguments)
   at Microsoft.AspNetCore.Mvc.Infrastructure.ControllerActionInvoker.InvokeActionMethodAsync()
   at Microsoft.AspNetCore.Mvc.Infrastructure.ControllerActionInvoker.Next(State& next, Scope& scope, Object& state, Boolean& isCompleted)
   at Microsoft.AspNetCore.Mvc.Infrastructure.ControllerActionInvoker.InvokeNextActionFilterAsync()
--- End of stack trace from previous location ---
   at Microsoft.AspNetCore.Mvc.Infrastructure.ControllerActionInvoker.Rethrow(ActionExecutedContextSealed context)
   at Microsoft.AspNetCore.Mvc.Infrastructure.ControllerActionInvoker.Next(State& next, Scope& scope, Object& state, Boolean& isCompleted)
   at Microsoft.AspNetCore.Mvc.Infrastructure.ControllerActionInvoker.InvokeInnerFilterAsync()
--- End of stack trace from previous location ---
   at Microsoft.AspNetCore.Mvc.Infrastructure.ResourceInvoker.<InvokeNextResourceFilter>g__Awaited|24_0(ResourceInvoker invoker, Task lastTask, State next, Scope scope, Object state, Boolean isCompleted)
   at Microsoft.AspNetCore.Mvc.Infrastructure.ResourceInvoker.Rethrow(ResourceExecutedContextSealed context)
   at Microsoft.AspNetCore.Mvc.Infrastructure.ResourceInvoker.Next(State& next, Scope& scope, Object& state, Boolean& isCompleted)
   at Microsoft.AspNetCore.Mvc.Infrastructure.ResourceInvoker.InvokeFilterPipelineAsync()
--- End of stack trace from previous location ---
   at Microsoft.AspNetCore.Mvc.Infrastructure.ResourceInvoker.<InvokeAsync>g__Awaited|17_0(ResourceInvoker invoker, Task task, IDisposable scope)
   at Microsoft.AspNetCore.Routing.EndpointMiddleware.<Invoke>g__AwaitRequestTask|6_0(Endpoint endpoint, Task requestTask, ILogger logger)
   at Microsoft.AspNetCore.Session.SessionMiddleware.Invoke(HttpContext context)
   at Microsoft.AspNetCore.Session.SessionMiddleware.Invoke(HttpContext context)
   at Microsoft.AspNetCore.Authorization.AuthorizationMiddleware.Invoke(HttpContext context)
   at Microsoft.AspNetCore.Authentication.AuthenticationMiddleware.Invoke(HttpContext context)
   at Microsoft.AspNetCore.Diagnostics.EntityFrameworkCore.MigrationsEndPointMiddleware.Invoke(HttpContext context)
   at Microsoft.AspNetCore.Diagnostics.DeveloperExceptionPageMiddleware.Invoke(HttpContext context)
2021-09-23 10:56:43.660 +06:00 [ERR] An exception occurred while calculating the database error page content. Skipping display of the database error page.
Autofac.Core.DependencyResolutionException: An exception was thrown while activating DataImporter.SystemImporter.Contexts.SystemImporterDbContext.
 ---> Autofac.Core.DependencyResolutionException: None of the constructors found with 'Autofac.Core.Activators.Reflection.DefaultConstructorFinder' on type 'DataImporter.SystemImporter.Contexts.SystemImporterDbContext' can be invoked with the available services and parameters:
Cannot resolve parameter 'System.String connectionString' of constructor 'Void .ctor(System.String, System.String)'.
   at Autofac.Core.Activators.Reflection.ReflectionActivator.GetAllBindings(ConstructorBinder[] availableConstructors, IComponentContext context, IEnumerable`1 parameters)
   at Autofac.Core.Activators.Reflection.ReflectionActivator.ActivateInstance(IComponentContext context, IEnumerable`1 parameters)
   at Autofac.Core.Activators.Reflection.ReflectionActivator.<ConfigurePipeline>b__11_0(ResolveRequestContext ctxt, Action`1 next)
   at Autofac.Core.Resolving.Middleware.DelegateMiddleware.Execute(ResolveRequestContext context, Action`1 next)
   at Autofac.Core.Resolving.Middleware.DisposalTrackingMiddleware.Execute(ResolveRequestContext context, Action`1 next)
   at Autofac.Core.Resolving.Middleware.ActivatorErrorHandlingMiddleware.Execute(ResolveRequestContext context, Action`1 next)
   --- End of inner exception stack trace ---
   at Autofac.Core.Resolving.Middleware.ActivatorErrorHandlingMiddleware.Execute(ResolveRequestContext context, Action`1 next)
   at Autofac.Core.Resolving.Middleware.RegistrationPipelineInvokeMiddleware.Execute(ResolveRequestContext context, Action`1 next)
   at Autofac.Core.Resolving.Middleware.SharingMiddleware.<>c__DisplayClass5_0.<Execute>b__0()
   at Autofac.Core.Lifetime.LifetimeScope.CreateSharedInstance(Guid id, Func`1 creator)
   at Autofac.Core.Lifetime.LifetimeScope.CreateSharedInstance(Guid primaryId, Nullable`1 qualifyingId, Func`1 creator)
   at Autofac.Core.Resolving.Middleware.SharingMiddleware.Execute(ResolveRequestContext context, Action`1 next)
   at Autofac.Core.Resolving.Middleware.CircularDependencyDetectorMiddleware.Execute(ResolveRequestContext context, Action`1 next)
   at Autofac.Core.Resolving.ResolveOperation.GetOrCreateInstance(ISharingLifetimeScope currentOperationScope, ResolveRequest request)
   at Autofac.Core.Resolving.ResolveOperation.ExecuteOperation(ResolveRequest request)
   at Autofac.Core.Resolving.ResolveOperation.Execute(ResolveRequest request)
   at Autofac.Core.Lifetime.LifetimeScope.ResolveComponent(ResolveRequest request)
   at Autofac.ResolutionExtensions.TryResolveService(IComponentContext context, Service service, IEnumerable`1 parameters, Object& instance)
   at Autofac.ResolutionExtensions.ResolveOptionalService(IComponentContext context, Service service, IEnumerable`1 parameters)
   at Autofac.ResolutionExtensions.ResolveOptional(IComponentContext context, Type serviceType, IEnumerable`1 parameters)
   at Autofac.ResolutionExtensions.ResolveOptional(IComponentContext context, Type serviceType)
   at Autofac.Extensions.DependencyInjection.AutofacServiceProvider.GetService(Type serviceType)
   at Microsoft.AspNetCore.Diagnostics.EntityFrameworkCore.HttpContextDatabaseContextDetailsExtensions.GetContextDetailsAsync(HttpContext httpContext, Type dbcontextType, ILogger logger)
   at Microsoft.AspNetCore.Diagnostics.EntityFrameworkCore.DatabaseDeveloperPageExceptionFilter.HandleExceptionAsync(ErrorContext errorContext, Func`2 next)
2021-09-23 11:04:07.234 +06:00 [INF] Application Starting up
2021-09-23 11:05:20.882 +06:00 [INF] Application Starting up
2021-09-23 11:10:05.290 +06:00 [INF] Application Starting up
2021-09-23 11:34:51.398 +06:00 [INF] Application Starting up
2021-09-23 11:38:22.464 +06:00 [INF] Application Starting up
2021-09-23 11:41:07.021 +06:00 [ERR] Create Group Failed
System.NullReferenceException: Object reference not set to an instance of an object.
   at DataImporter.Web.Models.GroupModel.CreateGroupModel.CreateGroup() in D:\GitHub\Final Project\ASPNET_DevSkill\DataImporter\DataImporter.Web\Models\GroupModel\CreateGroupModel.cs:line 41
   at DataImporter.Web.Controllers.GroupController.Create(CreateGroupModel model) in D:\GitHub\Final Project\ASPNET_DevSkill\DataImporter\DataImporter.Web\Controllers\GroupController.cs:line 67
2021-09-23 11:41:57.665 +06:00 [INF] Application Starting up
2021-09-23 11:50:29.536 +06:00 [INF] Application Starting up
2021-09-23 11:54:24.670 +06:00 [INF] Application Starting up
2021-09-23 11:56:07.623 +06:00 [INF] Application Starting up
2021-09-23 16:27:08.044 +06:00 [INF] Application Starting up
2021-09-23 16:29:09.677 +06:00 [ERR] Create Group Failed
System.NullReferenceException: Object reference not set to an instance of an object.
   at DataImporter.Web.Models.GroupModel.CreateGroupModel.CreateGroup() in D:\GitHub\Final Project\ASPNET_DevSkill\DataImporter\DataImporter.Web\Models\GroupModel\CreateGroupModel.cs:line 41
   at DataImporter.Web.Controllers.GroupController.Create(CreateGroupModel model) in D:\GitHub\Final Project\ASPNET_DevSkill\DataImporter\DataImporter.Web\Controllers\GroupController.cs:line 67
2021-09-23 16:32:09.444 +06:00 [ERR] Create Group Failed
System.NullReferenceException: Object reference not set to an instance of an object.
   at DataImporter.Web.Models.GroupModel.CreateGroupModel.CreateGroup() in D:\GitHub\Final Project\ASPNET_DevSkill\DataImporter\DataImporter.Web\Models\GroupModel\CreateGroupModel.cs:line 41
   at DataImporter.Web.Controllers.GroupController.Create(CreateGroupModel model) in D:\GitHub\Final Project\ASPNET_DevSkill\DataImporter\DataImporter.Web\Controllers\GroupController.cs:line 67
2021-09-23 16:37:09.496 +06:00 [INF] Application Starting up
2021-09-23 17:04:15.286 +06:00 [INF] Application Starting up
2021-09-23 17:06:36.620 +06:00 [ERR] Create Group Failed
System.NullReferenceException: Object reference not set to an instance of an object.
   at DataImporter.Web.Models.GroupModel.CreateGroupModel.CreateGroup() in D:\GitHub\Final Project\ASPNET_DevSkill\DataImporter\DataImporter.Web\Models\GroupModel\CreateGroupModel.cs:line 41
   at DataImporter.Web.Controllers.GroupController.Create(CreateGroupModel model) in D:\GitHub\Final Project\ASPNET_DevSkill\DataImporter\DataImporter.Web\Controllers\GroupController.cs:line 67
2021-09-23 21:53:36.753 +06:00 [INF] Application Starting up
2021-09-23 23:39:15.083 +06:00 [INF] Application Starting up
2021-09-23 23:40:31.576 +06:00 [ERR] Create Group Failed
System.NullReferenceException: Object reference not set to an instance of an object.
   at DataImporter.Web.Models.GroupModel.CreateGroupModel.CreateGroup() in D:\GitHub\Final Project\ASPNET_DevSkill\DataImporter\DataImporter.Web\Models\GroupModel\CreateGroupModel.cs:line 41
   at DataImporter.Web.Controllers.GroupController.Create(CreateGroupModel model) in D:\GitHub\Final Project\ASPNET_DevSkill\DataImporter\DataImporter.Web\Controllers\GroupController.cs:line 68
2021-09-23 23:43:15.435 +06:00 [INF] Application Starting up
