2021-10-04 01:34:22.660 +06:00 [INF] Application Starting up
2021-10-04 01:36:59.448 +06:00 [INF] Application Starting up
2021-10-04 01:50:01.362 +06:00 [INF] Application Starting up
2021-10-04 14:33:05.761 +06:00 [INF] Application Starting up
2021-10-04 14:34:30.660 +06:00 [INF] Application Starting up
2021-10-04 15:25:23.400 +06:00 [INF] Application Starting up
2021-10-04 15:29:21.455 +06:00 [INF] Application Starting up
2021-10-04 15:30:44.082 +06:00 [INF] Application Starting up
2021-10-04 15:32:27.490 +06:00 [INF] Application Starting up
2021-10-04 15:39:39.866 +06:00 [INF] Application Starting up
2021-10-04 16:02:27.354 +06:00 [INF] Application Starting up
2021-10-04 16:53:15.228 +06:00 [INF] Application Starting up
2021-10-04 17:04:08.447 +06:00 [INF] Application Starting up
2021-10-04 17:05:57.150 +06:00 [INF] Application Starting up
2021-10-04 17:08:30.612 +06:00 [INF] Application Starting up
2021-10-04 17:10:16.684 +06:00 [INF] Application Starting up
2021-10-04 17:13:35.913 +06:00 [INF] Application Starting up
2021-10-04 17:14:37.547 +06:00 [ERR] An unhandled exception has occurred while executing the request.
AutoMapper.AutoMapperMappingException: Missing type map configuration or unsupported mapping.

Mapping types:
Group -> ViewModel
DataImporter.SystemImporter.BusinessObjects.Group -> DataImporter.Web.Models.GroupModel.ViewModel
   at lambda_method669(Closure , Group , ViewModel , ResolutionContext )
   at DataImporter.Web.Models.GroupModel.ViewModel.LoadModelData(Int32 id) in D:\GitHub\Final Project\ASPNET_DevSkill\DataImporter\DataImporter.Web\Models\GroupModel\ViewModel.cs:line 36
   at DataImporter.Web.Controllers.GroupController.View(Int32 id) in D:\GitHub\Final Project\ASPNET_DevSkill\DataImporter\DataImporter.Web\Controllers\GroupController.cs:line 122
   at lambda_method667(Closure , Object , Object[] )
   at Microsoft.AspNetCore.Mvc.Infrastructure.ActionMethodExecutor.SyncActionResultExecutor.Execute(IActionResultTypeMapper mapper, ObjectMethodExecutor executor, Object controller, Object[] arguments)
   at Microsoft.AspNetCore.Mvc.Infrastructure.ControllerActionInvoker.InvokeActionMethodAsync()
   at Microsoft.AspNetCore.Mvc.Infrastructure.ControllerActionInvoker.Next(State& next, Scope& scope, Object& state, Boolean& isCompleted)
   at Microsoft.AspNetCore.Mvc.Infrastructure.ControllerActionInvoker.InvokeNextActionFilterAsync()
--- End of stack trace from previous location ---
   at Microsoft.AspNetCore.Mvc.Infrastructure.ControllerActionInvoker.Rethrow(ActionExecutedContextSealed context)
   at Microsoft.AspNetCore.Mvc.Infrastructure.ControllerActionInvoker.Next(State& next, Scope& scope, Object& state, Boolean& isCompleted)
   at Microsoft.AspNetCore.Mvc.Infrastructure.ControllerActionInvoker.InvokeInnerFilterAsync()
--- End of stack trace from previous location ---
   at Microsoft.AspNetCore.Mvc.Infrastructure.ResourceInvoker.<InvokeNextResourceFilter>g__Awaited|24_0(ResourceInvoker invoker, Task lastTask, State next, Scope scope, Object state, Boolean isCompleted)
   at Microsoft.AspNetCore.Mvc.Infrastructure.ResourceInvoker.Rethrow(ResourceExecutedContextSealed context)
   at Microsoft.AspNetCore.Mvc.Infrastructure.ResourceInvoker.Next(State& next, Scope& scope, Object& state, Boolean& isCompleted)
   at Microsoft.AspNetCore.Mvc.Infrastructure.ResourceInvoker.InvokeFilterPipelineAsync()
--- End of stack trace from previous location ---
   at Microsoft.AspNetCore.Mvc.Infrastructure.ResourceInvoker.<InvokeAsync>g__Awaited|17_0(ResourceInvoker invoker, Task task, IDisposable scope)
   at Microsoft.AspNetCore.Routing.EndpointMiddleware.<Invoke>g__AwaitRequestTask|6_0(Endpoint endpoint, Task requestTask, ILogger logger)
   at Microsoft.AspNetCore.Session.SessionMiddleware.Invoke(HttpContext context)
   at Microsoft.AspNetCore.Session.SessionMiddleware.Invoke(HttpContext context)
   at Microsoft.AspNetCore.Authorization.AuthorizationMiddleware.Invoke(HttpContext context)
   at Microsoft.AspNetCore.Authentication.AuthenticationMiddleware.Invoke(HttpContext context)
   at Microsoft.AspNetCore.Diagnostics.EntityFrameworkCore.MigrationsEndPointMiddleware.Invoke(HttpContext context)
   at Microsoft.AspNetCore.Diagnostics.DeveloperExceptionPageMiddleware.Invoke(HttpContext context)
2021-10-04 17:14:38.364 +06:00 [ERR] An exception occurred while calculating the database error page content. Skipping display of the database error page.
System.InvalidOperationException: StatusCode cannot be set because the response has already started.
   at Microsoft.AspNetCore.Server.IIS.Core.IISHttpContext.ThrowResponseAlreadyStartedException(String name)
   at Microsoft.AspNetCore.Server.IIS.Core.IISHttpContext.set_StatusCode(Int32 value)
   at Microsoft.AspNetCore.Server.IIS.Core.IISHttpContext.Microsoft.AspNetCore.Http.Features.IHttpResponseFeature.set_StatusCode(Int32 value)
   at Microsoft.AspNetCore.Http.DefaultHttpResponse.set_StatusCode(Int32 value)
   at Microsoft.AspNetCore.Diagnostics.EntityFrameworkCore.Views.DatabaseErrorPage.ExecuteAsync()
   at Microsoft.Extensions.RazorViews.BaseView.ExecuteAsync(HttpContext context)
   at Microsoft.AspNetCore.Diagnostics.EntityFrameworkCore.DatabaseDeveloperPageExceptionFilter.HandleExceptionAsync(ErrorContext errorContext, Func`2 next)
2021-10-04 17:20:37.577 +06:00 [INF] Application Starting up
2021-10-04 17:29:48.803 +06:00 [INF] Application Starting up
2021-10-04 19:09:54.736 +06:00 [INF] Application Starting up
2021-10-04 19:47:44.235 +06:00 [INF] Application Starting up
2021-10-04 19:52:28.205 +06:00 [INF] Application Starting up
2021-10-04 20:12:43.861 +06:00 [INF] Application Starting up
2021-10-04 20:15:35.596 +06:00 [INF] Application Starting up
2021-10-04 20:17:49.985 +06:00 [INF] Application Starting up
2021-10-04 20:19:33.258 +06:00 [INF] Application Starting up
2021-10-04 20:20:36.038 +06:00 [INF] Application Starting up
2021-10-04 20:22:56.155 +06:00 [INF] Application Starting up
2021-10-04 20:26:44.326 +06:00 [INF] Application Starting up
2021-10-04 20:32:32.865 +06:00 [INF] Application Starting up
2021-10-04 20:38:36.466 +06:00 [INF] Application Starting up
2021-10-04 20:44:35.563 +06:00 [INF] Application Starting up
2021-10-04 20:49:10.853 +06:00 [INF] Application Starting up
2021-10-04 20:52:33.340 +06:00 [INF] Application Starting up
2021-10-04 20:53:15.329 +06:00 [INF] Application Starting up
2021-10-04 20:55:50.624 +06:00 [INF] Application Starting up
2021-10-04 20:57:53.206 +06:00 [INF] Application Starting up
2021-10-04 20:58:48.425 +06:00 [INF] Application Starting up
2021-10-04 20:59:57.176 +06:00 [INF] Application Starting up
2021-10-04 21:06:21.953 +06:00 [INF] Application Starting up
2021-10-04 21:10:02.003 +06:00 [INF] Application Starting up
2021-10-04 21:15:14.031 +06:00 [INF] Application Starting up
