2021-10-02 02:08:01.327 +06:00 [INF] Application Starting up
2021-10-02 02:08:03.508 +06:00 [INF] Worker running at: "2021-10-02T02:08:03.4952745+06:00"
2021-10-02 02:08:04.562 +06:00 [INF] Worker running at: "2021-10-02T02:08:04.5623790+06:00"
2021-10-02 02:08:05.563 +06:00 [INF] Worker running at: "2021-10-02T02:08:05.5630079+06:00"
2021-10-02 02:08:06.579 +06:00 [INF] Worker running at: "2021-10-02T02:08:06.5793005+06:00"
2021-10-02 02:08:07.599 +06:00 [INF] Worker running at: "2021-10-02T02:08:07.5995372+06:00"
2021-10-02 02:08:08.620 +06:00 [INF] Worker running at: "2021-10-02T02:08:08.6201155+06:00"
2021-10-02 02:08:09.640 +06:00 [INF] Worker running at: "2021-10-02T02:08:09.6399678+06:00"
2021-10-02 02:08:10.659 +06:00 [INF] Worker running at: "2021-10-02T02:08:10.6598737+06:00"
2021-10-02 02:10:02.094 +06:00 [INF] Application Starting up
2021-10-02 02:10:03.169 +06:00 [INF] Worker running at: "2021-10-02T02:10:03.1628650+06:00"
2021-10-02 02:10:04.200 +06:00 [INF] Worker running at: "2021-10-02T02:10:04.2006401+06:00"
2021-10-02 02:10:05.217 +06:00 [INF] Worker running at: "2021-10-02T02:10:05.2173930+06:00"
2021-10-02 02:10:06.231 +06:00 [INF] Worker running at: "2021-10-02T02:10:06.2314190+06:00"
2021-10-02 02:10:07.251 +06:00 [INF] Worker running at: "2021-10-02T02:10:07.2516771+06:00"
2021-10-02 02:10:08.267 +06:00 [INF] Worker running at: "2021-10-02T02:10:08.2674288+06:00"
2021-10-02 02:10:09.286 +06:00 [INF] Worker running at: "2021-10-02T02:10:09.2864908+06:00"
2021-10-02 02:15:52.623 +06:00 [INF] Application Starting up
2021-10-02 02:15:53.945 +06:00 [INF] Worker running at: "2021-10-02T02:15:53.9387080+06:00"
2021-10-02 02:15:54.974 +06:00 [INF] Worker running at: "2021-10-02T02:15:54.9741157+06:00"
2021-10-02 02:15:55.985 +06:00 [INF] Worker running at: "2021-10-02T02:15:55.9848838+06:00"
2021-10-02 02:15:57.004 +06:00 [INF] Worker running at: "2021-10-02T02:15:57.0040693+06:00"
2021-10-02 02:15:58.007 +06:00 [INF] Worker running at: "2021-10-02T02:15:58.0069054+06:00"
2021-10-02 02:15:59.022 +06:00 [INF] Worker running at: "2021-10-02T02:15:59.0226207+06:00"
2021-10-02 02:16:00.037 +06:00 [INF] Worker running at: "2021-10-02T02:16:00.0377847+06:00"
2021-10-02 02:16:01.052 +06:00 [INF] Worker running at: "2021-10-02T02:16:01.0522920+06:00"
2021-10-02 02:16:02.058 +06:00 [INF] Worker running at: "2021-10-02T02:16:02.0587959+06:00"
2021-10-02 02:16:03.074 +06:00 [INF] Worker running at: "2021-10-02T02:16:03.0746425+06:00"
2021-10-02 02:16:04.087 +06:00 [INF] Worker running at: "2021-10-02T02:16:04.0871772+06:00"
2021-10-02 02:16:05.100 +06:00 [INF] Worker running at: "2021-10-02T02:16:05.1001520+06:00"
2021-10-02 02:16:06.112 +06:00 [INF] Worker running at: "2021-10-02T02:16:06.1127004+06:00"
2021-10-02 02:16:07.120 +06:00 [INF] Worker running at: "2021-10-02T02:16:07.1200882+06:00"
2021-10-02 02:16:08.135 +06:00 [INF] Worker running at: "2021-10-02T02:16:08.1357014+06:00"
2021-10-02 02:16:09.142 +06:00 [INF] Worker running at: "2021-10-02T02:16:09.1424029+06:00"
2021-10-02 02:28:26.771 +06:00 [INF] Application Starting up
2021-10-02 02:28:28.069 +06:00 [INF] Worker running at: "2021-10-02T02:28:28.0608395+06:00"
2021-10-02 02:28:29.106 +06:00 [INF] Worker running at: "2021-10-02T02:28:29.1060681+06:00"
2021-10-02 02:28:30.102 +06:00 [INF] Worker running at: "2021-10-02T02:28:30.1028150+06:00"
2021-10-02 02:28:31.124 +06:00 [INF] Worker running at: "2021-10-02T02:28:31.1247545+06:00"
2021-10-02 02:28:32.135 +06:00 [INF] Worker running at: "2021-10-02T02:28:32.1358972+06:00"
2021-10-02 02:28:33.149 +06:00 [INF] Worker running at: "2021-10-02T02:28:33.1498039+06:00"
2021-10-02 02:28:34.169 +06:00 [INF] Worker running at: "2021-10-02T02:28:34.1695391+06:00"
2021-10-02 02:28:35.180 +06:00 [INF] Worker running at: "2021-10-02T02:28:35.1805914+06:00"
2021-10-02 02:31:39.576 +06:00 [INF] Application Starting up
2021-10-02 02:35:07.360 +06:00 [INF] Application Starting up
2021-10-02 02:39:13.536 +06:00 [INF] Application Starting up
2021-10-02 02:39:16.861 +06:00 [FTL] Application start-up failed
Autofac.Core.DependencyResolutionException: An exception was thrown while activating λ:Microsoft.Extensions.Hosting.IHostedService[] -> DataImporter.Worker.Worker -> DataImporter.Worker.Models.CheckStatusModel -> DataImporter.SystemImporter.Services.FileStatusService -> DataImporter.SystemImporter.UnitOfWorks.SystemImporterUnitOfWork -> DataImporter.SystemImporter.Repositories.GroupRepository.
 ---> Autofac.Core.DependencyResolutionException: An exception was thrown while invoking the constructor 'Void .ctor(DataImporter.SystemImporter.Contexts.ISystemImporterDbContext)' on type 'GroupRepository'.
 ---> System.ArgumentException: The string argument 'connectionString' cannot be empty.
   at Microsoft.EntityFrameworkCore.Utilities.Check.NotEmpty(String value, String parameterName)
   at Microsoft.EntityFrameworkCore.SqlServerDbContextOptionsExtensions.UseSqlServer(DbContextOptionsBuilder optionsBuilder, String connectionString, Action`1 sqlServerOptionsAction)
   at DataImporter.SystemImporter.Contexts.SystemImporterDbContext.OnConfiguring(DbContextOptionsBuilder dbContextOptionsBuilder) in D:\GitHub\Final Project2\ASPNET_DevSkill\DataImporter\DataImporter.SystemImporter\Contexts\SystemImporterDbContext.cs:line 26
   at Microsoft.EntityFrameworkCore.DbContext.get_InternalServiceProvider()
   at Microsoft.EntityFrameworkCore.DbContext.get_DbContextDependencies()
   at Microsoft.EntityFrameworkCore.DbContext.Set[TEntity]()
   at DataImporter.Data.Repository`2..ctor(DbContext context) in D:\GitHub\Final Project2\ASPNET_DevSkill\DataImporter\DataImporter.Data\Repository.cs:line 23
   at DataImporter.SystemImporter.Repositories.GroupRepository..ctor(ISystemImporterDbContext context) in D:\GitHub\Final Project2\ASPNET_DevSkill\DataImporter\DataImporter.SystemImporter\Repositories\GroupRepository.cs:line 17
   at lambda_method12(Closure , Object[] )
   at Autofac.Core.Activators.Reflection.BoundConstructor.Instantiate()
   --- End of inner exception stack trace ---
   at Autofac.Core.Activators.Reflection.BoundConstructor.Instantiate()
   at Autofac.Core.Activators.Reflection.ReflectionActivator.ActivateInstance(IComponentContext context, IEnumerable`1 parameters)
   at Autofac.Core.Activators.Reflection.ReflectionActivator.<ConfigurePipeline>b__11_0(ResolveRequestContext ctxt, Action`1 next)
   at Autofac.Core.Resolving.Middleware.DelegateMiddleware.Execute(ResolveRequestContext context, Action`1 next)
   at Autofac.Core.Resolving.Pipeline.ResolvePipelineBuilder.<>c__DisplayClass14_0.<BuildPipeline>b__1(ResolveRequestContext ctxt)
   at Autofac.Core.Resolving.Middleware.DisposalTrackingMiddleware.Execute(ResolveRequestContext context, Action`1 next)
   at Autofac.Core.Resolving.Pipeline.ResolvePipelineBuilder.<>c__DisplayClass14_0.<BuildPipeline>b__1(ResolveRequestContext ctxt)
   at Autofac.Core.Resolving.Middleware.ActivatorErrorHandlingMiddleware.Execute(ResolveRequestContext context, Action`1 next)
   --- End of inner exception stack trace ---
   at Autofac.Core.Resolving.Middleware.ActivatorErrorHandlingMiddleware.Execute(ResolveRequestContext context, Action`1 next)
   at Autofac.Core.Resolving.Pipeline.ResolvePipelineBuilder.<>c__DisplayClass14_0.<BuildPipeline>b__1(ResolveRequestContext ctxt)
   at Autofac.Core.Pipeline.ResolvePipeline.Invoke(ResolveRequestContext ctxt)
   at Autofac.Core.Resolving.Middleware.RegistrationPipelineInvokeMiddleware.Execute(ResolveRequestContext context, Action`1 next)
   at Autofac.Core.Resolving.Pipeline.ResolvePipelineBuilder.<>c__DisplayClass14_0.<BuildPipeline>b__1(ResolveRequestContext ctxt)
   at Autofac.Core.Resolving.Middleware.SharingMiddleware.Execute(ResolveRequestContext context, Action`1 next)
   at Autofac.Core.Resolving.Pipeline.ResolvePipelineBuilder.<>c__DisplayClass14_0.<BuildPipeline>b__1(ResolveRequestContext ctxt)
   at Autofac.Core.Resolving.Pipeline.ResolvePipelineBuilder.<>c__DisplayClass14_0.<BuildPipeline>b__1(ResolveRequestContext ctxt)
   at Autofac.Core.Resolving.Middleware.CircularDependencyDetectorMiddleware.Execute(ResolveRequestContext context, Action`1 next)
   at Autofac.Core.Resolving.Pipeline.ResolvePipelineBuilder.<>c__DisplayClass14_0.<BuildPipeline>b__1(ResolveRequestContext ctxt)
   at Autofac.Core.Pipeline.ResolvePipeline.Invoke(ResolveRequestContext ctxt)
   at Autofac.Core.Resolving.ResolveOperation.GetOrCreateInstance(ISharingLifetimeScope currentOperationScope, ResolveRequest request)
   at Autofac.Core.Resolving.ResolveOperation.ExecuteOperation(ResolveRequest request)
   at Autofac.Core.Resolving.ResolveOperation.Execute(ResolveRequest request)
   at Autofac.Core.Lifetime.LifetimeScope.ResolveComponent(ResolveRequest request)
   at Autofac.ResolutionExtensions.TryResolveService(IComponentContext context, Service service, IEnumerable`1 parameters, Object& instance)
   at Autofac.ResolutionExtensions.ResolveOptionalService(IComponentContext context, Service service, IEnumerable`1 parameters)
   at Autofac.ResolutionExtensions.ResolveOptional(IComponentContext context, Type serviceType, IEnumerable`1 parameters)
   at Autofac.ResolutionExtensions.ResolveOptional(IComponentContext context, Type serviceType)
   at Autofac.Extensions.DependencyInjection.AutofacServiceProvider.GetService(Type serviceType)
   at Microsoft.Extensions.DependencyInjection.ServiceProviderServiceExtensions.GetService[T](IServiceProvider provider)
   at Microsoft.Extensions.Hosting.Internal.Host.StartAsync(CancellationToken cancellationToken)
   at Microsoft.Extensions.Hosting.HostingAbstractionsHostExtensions.RunAsync(IHost host, CancellationToken token)
   at Microsoft.Extensions.Hosting.HostingAbstractionsHostExtensions.RunAsync(IHost host, CancellationToken token)
   at Microsoft.Extensions.Hosting.HostingAbstractionsHostExtensions.Run(IHost host)
   at DataImporter.Worker.Program.Main(String[] args) in D:\GitHub\Final Project2\ASPNET_DevSkill\DataImporter\DataImporter.Worker\Program.cs:line 44
2021-10-02 02:42:00.609 +06:00 [INF] Application Starting up
2021-10-02 02:49:30.404 +06:00 [INF] Application Starting up
2021-10-02 02:51:27.350 +06:00 [INF] Application Starting up
